app/build/outputs/mapping/release/seeds.txt
com.example.uhf.filebrowser.FileManagerActivity: FileManagerActivity()
com.example.uhf.BootBroadcastReceiver
com.example.uhf.BootBroadcastReceiver: BootBroadcastReceiver()
com.example.uhf.filebrowser.IconifiedTextView
com.example.uhf.filebrowser.FileManagerActivity
com.example.uhf.activity.UHFMainActivity
com.example.uhf.activity.BaseTabFragmentActivity: BaseTabFragmentActivity()
com.example.uhf.view.UhfLocationCanvasView: void setData(int)
com.example.uhf.view.UhfLocationCanvasView
com.example.uhf.view.UhfLocationCanvasView: UhfLocationCanvasView(android.content.Context,android.util.AttributeSet)
com.example.uhf.filebrowser.IconifiedTextView: void setText(java.lang.String)
com.example.uhf.activity.UHFMainActivity: UHFMainActivity()
com.example.uhf.filebrowser.IconifiedTextView: void setIcon(android.graphics.drawable.Drawable)
...
com.rscja.deviceapi.entity.DESFireFile: int MinValue
com.rscja.deviceapi.interfaces.IFingerprintWithFIPS: int getFingersCount()
com.rscja.deviceapi.R$style: int AlertDialog_AppCompat_Light
com.rscja.deviceapi.entity.HF15693RequestEntity: byte[] getUid()
com.rscja.deviceapi.interfaces.IFingerprintWithZAZ: int getParam(int)
com.rscja.deviceapi.RFIDWithUHFAxBase: void successNotify()
com.rscja.deviceapi.R$styleable: int AppCompatTheme_actionModePopupWindowStyle
com.rscja.deviceapi.entity.AnimalEntity: void setDataBlock(long)
com.rscja.deviceapi.R$dimen: int abc_dropdownitem_text_padding_left
com.rscja.deviceapi.interfaces.ConnectionStatus
com.rscja.deviceapi.c: int[] getPwm()
com.rscja.deviceapi.FingerprintWithFIPS$GRABCallBack: void messageInfo(java.lang.String)
com.rscja.deviceapi.interfaces.IUHFURx: boolean setRelayStatus(byte)
com.rscja.deviceapi.R$string: int abc_shareactionprovider_share_with
com.rscja.deviceapi.R$styleable: int MenuItem_android_title
com.rscja.deviceapi.R$string: int abc_searchview_description_voice
com.rscja.deviceapi.R$drawable: int abc_ic_star_black_16dp
androidx.appcompat.widget.AppCompatRadioButton: void setBackgroundDrawable(android.graphics.drawable.Drawable)
com.rscja.deviceapi.R$styleable: int ActionBar_indeterminateProgressStyle
com.rscja.deviceapi.RFIDWithUHFRLM: boolean writeData(java.lang.String,int,int,int,java.lang.String,java.lang.String)
com.rscja.deviceapi.entity.GPOEntity: void setGpoName(java.lang.String)
com.rscja.deviceapi.entity.BarcodeEntity: int errCode
com.rscja.deviceapi.R$anim: int abc_fade_out
com.rscja.deviceapi.RFIDWithLF: java.lang.String getUIDWithHitagS()
com.rscja.deviceapi.R$styleable: int AlertDialog_listItemLayout
com.rscja.deviceapi.interfaces.IPrinter: boolean initFW()
com.rscja.deviceapi.a: java.lang.String b
com.rscja.deviceapi.RFIDWithUHFA4NetWork: com.rscja.deviceapi.entity.UHFTAGInfo readTagFromBuffer()
com.rscja.deviceapi.R$id: int action_bar
com.rscja.deviceapi.R1HFAndPsamManage$a
com.rscja.deviceapi.R$attr: int colorError
com.rscja.deviceapi.interfaces.IBarcodeSymbolUtility
com.rscja.deviceapi.R$styleable: int AppCompatTheme_listPreferredItemPaddingStart
androidx.appcompat.widget.AppCompatEditText: void setCustomSelectionActionModeCallback(android.view.ActionMode$Callback)
androidx.cardview.widget.CardView
com.rscja.deviceapi.RFIDWithUHFA4RS232: boolean blockWriteData(java.lang.String,int,int,int,java.lang.String,int,int,int,java.lang.String)
com.rscja.deviceapi.R$styleable: int AppCompatTheme_seekBarStyle
com.rscja.deviceapi.interfaces.IRFIDWithISO14443A: boolean write(java.lang.String,com.rscja.deviceapi.RFIDWithISO14443A$KeyType,int,int,java.lang.String)
com.rscja.deviceapi.Printer: int sendAndReceiveData(byte[],byte[])
com.rscja.deviceapi.R$color: int primary_dark_material_light
com.rscja.deviceapi.c: boolean stopInventory()
com.rscja.deviceapi.entity.ReaderIPEntity: void setIpv6Ip2(java.lang.String)
com.rscja.deviceapi.interfaces.IPrinter: int sendAndReceiveData(byte[],byte[])
com.rscja.deviceapi.RFIDWithUHFA4NetWork: boolean output2Off()
com.rscja.deviceapi.RFIDWithISO15693$TagType: com.rscja.deviceapi.RFIDWithISO15693$TagType[] values()
com.rscja.deviceapi.interfaces.IRFIDWithISO14443A: boolean DESFire_DelApp(java.lang.String)
com.rscja.deviceapi.R$style: int Base_Widget_AppCompat_Button
com.rscja.deviceapi.interfaces.IUHFProtocolParse: int parseBatteryData(byte[])
com.rscja.deviceapi.interfaces.IRFIDWithLF: boolean init()
com.rscja.deviceapi.R$layout: int notification_template_part_chronometer
com.rscja.deviceapi.R$style: int Animation_AppCompat_Tooltip
com.rscja.deviceapi.RFIDWithUHFA4RS232: boolean isEnableBeep()
com.rscja.deviceapi.UhfBase$ErrorCode: UhfBase$ErrorCode(com.rscja.deviceapi.UhfBase)
com.rscja.deviceapi.RFIDWithUHFUrxUart: boolean uhfJump2Boot(int)
com.rscja.deviceapi.RFIDWithUHFA4RS232: boolean uhfJump2Boot()
com.rscja.deviceapi.RFIDWithUHFUART: boolean lockMem(java.lang.String,java.lang.String)