app/build/outputs/mapping/release/mapping.txt
# compiler: R8
# compiler_version: 2.1.86
# min_api: 19
# pg_map_id: 28b3ad3
# common_typos_disable
com.example.uhf.UhfInfo -> com.example.uhf.a:
    void setCount(int) -> a
    void setTagList(java.util.ArrayList) -> b
    void setTempDatas(java.util.List) -> c
com.example.uhf.activity.BaseTabFragmentActivity -> com.example.uhf.activity.a:
    com.rscja.deviceapi.RFIDWithUHFUART mReader -> q
    com.example.uhf.fragment.KeyDwonFragment currentFragment -> r
    void getUHFVersion() -> u
    java.lang.String getVerName() -> v
    void initUHF() -> w
    void toastMessage(java.lang.String) -> x
com.example.uhf.activity.BaseTabFragmentActivity$InitTask -> com.example.uhf.activity.a$a:
    android.app.ProgressDialog mypDialog -> a
    com.example.uhf.activity.BaseTabFragmentActivity this$0 -> b
    java.lang.Boolean doInBackground(java.lang.String[]) -> a
    void onPostExecute(java.lang.Boolean) -> b
com.example.uhf.activity.UHFMainActivity -> com.example.uhf.activity.UHFMainActivity:
    float volumnRatio -> w
    android.media.AudioManager am -> x
    java.util.ArrayList tagList -> t
    com.example.uhf.UhfInfo uhfInfo -> s
    java.util.HashMap soundMap -> u
    android.media.SoundPool soundPool -> v
    void playSound(int) -> A
    void releaseSoundPool() -> B
    void checkReadWritePermission() -> y
    void initSound() -> z
com.example.uhf.filebrowser.FileManagerActivity -> com.example.uhf.filebrowser.FileManagerActivity:
    java.util.List directoryEntries -> b
    java.io.File currentDirectory -> c
    java.lang.String Path_Key -> e
    java.lang.String Path_ACTION -> d
    void browseTo(java.io.File) -> a
    void browseToDownDirectory() -> b
    void browseToRoot() -> c
    boolean checkEndsWithInStringArray(java.lang.String,java.lang.String[]) -> d
    void fill(java.io.File[]) -> e
    void upOneLevel() -> f
com.example.uhf.filebrowser.IconifiedText -> com.example.uhf.filebrowser.a:
    android.graphics.drawable.Drawable mIcon -> c
    java.lang.String mText -> b
    int compareTo(com.example.uhf.filebrowser.IconifiedText) -> a
    android.graphics.drawable.Drawable getIcon() -> b
    java.lang.String getText() -> c
com.example.uhf.filebrowser.IconifiedTextListAdapter -> com.example.uhf.filebrowser.b:
    android.content.Context mContext -> b
    java.util.List mItems -> c
    void setListItems(java.util.List) -> a
com.example.uhf.filebrowser.IconifiedTextView -> com.example.uhf.filebrowser.c:
    android.widget.TextView mText -> b
    android.widget.ImageView mIcon -> c
com.example.uhf.fragment.KeyDwonFragment -> com.example.uhf.b.a:
    void myOnKeyDwon() -> k1
...
androidx.appcompat.resources.R$drawable -> a.a.m.a:
    int abc_vector_test -> a
androidx.appcompat.resources.R$styleable -> a.a.m.b:
    int AnimatedStateListDrawableTransition_android_fromId -> n
    int AnimatedStateListDrawableTransition_android_reversible -> o
    int AnimatedStateListDrawableTransition_android_drawable -> l
    int AnimatedStateListDrawableTransition_android_toId -> m
    int AnimatedStateListDrawableItem_android_drawable -> j
    int AnimatedStateListDrawableItem_android_id -> i
    int AnimatedStateListDrawableCompat_android_enterFadeDuration -> f
    int AnimatedStateListDrawableCompat_android_exitFadeDuration -> g
    int AnimatedStateListDrawableCompat_android_variablePadding -> d
    int[] AnimatedStateListDrawableCompat -> a
    int AnimatedStateListDrawableCompat_android_constantSize -> e
    int AnimatedStateListDrawableCompat_android_dither -> b
    int AnimatedStateListDrawableCompat_android_visible -> c
    int[] AnimatedStateListDrawableItem -> h
    int[] AnimatedStateListDrawableTransition -> k
androidx.appcompat.view.ActionBarPolicy -> a.a.n.a:
    android.content.Context mContext -> a
    boolean enableHomeButtonByDefault() -> a
    androidx.appcompat.view.ActionBarPolicy get(android.content.Context) -> b
    int getEmbeddedMenuWidthLimit() -> c
    int getMaxActionButtons() -> d
    int getStackedTabMaxWidth() -> e
    int getTabContainerHeight() -> f
    boolean hasEmbeddedTabs() -> g
    boolean showsOverflowMenuButton() -> h
androidx.appcompat.view.ActionMode -> a.a.n.b:
    java.lang.Object mTag -> b
    boolean mTitleOptionalHint -> c
    void finish() -> c
    android.view.View getCustomView() -> d
    android.view.Menu getMenu() -> e
    android.view.MenuInflater getMenuInflater() -> f
    java.lang.CharSequence getSubtitle() -> g
    java.lang.Object getTag() -> h
    java.lang.CharSequence getTitle() -> i
    boolean getTitleOptionalHint() -> j
    void invalidate() -> k
    boolean isTitleOptional() -> l
    void setCustomView(android.view.View) -> m
    void setSubtitle(int) -> n
    void setSubtitle(java.lang.CharSequence) -> o
    void setTag(java.lang.Object) -> p
    void setTitle(int) -> q
    void setTitle(java.lang.CharSequence) -> r
    void setTitleOptionalHint(boolean) -> s
androidx.appcompat.view.ActionMode$Callback -> a.a.n.b$a:
    boolean onPrepareActionMode(androidx.appcompat.view.ActionMode,android.view.Menu) -> a
    boolean onActionItemClicked(androidx.appcompat.view.ActionMode,android.view.MenuItem) -> b
    boolean onCreateActionMode(androidx.appcompat.view.ActionMode,android.view.Menu) -> c
    void onDestroyActionMode(androidx.appcompat.view.ActionMode) -> d
androidx.appcompat.view.CollapsibleActionView -> a.a.n.c:
    void onActionViewExpanded() -> c
    void onActionViewCollapsed() -> d
androidx.appcompat.view.ContextThemeWrapper -> a.a.n.d:
    android.content.res.Resources$Theme mTheme -> b
    android.content.res.Configuration mOverrideConfiguration -> d
    android.content.res.Resources mResources -> e
    android.view.LayoutInflater mInflater -> c
    int mThemeResource -> a
    android.content.res.Resources getResourcesInternal() -> a
    int getThemeResId() -> b
    void initializeTheme() -> c
    void onApplyThemeResource(android.content.res.Resources$Theme,int,boolean) -> d