app/build/outputs/mapping/release/usage.txt
com.example.uhf.fragment.BlockWriteFragment$2
com.example.uhf.fragment.UHFKillFragment$1
com.example.uhf.R$array
com.example.uhf.fragment.UHFLockFragment$1
com.example.uhf.BuildConfig
com.example.uhf.adapter.ViewPagerAdapter
com.example.uhf.fragment.UHFLoginFragment$MyAdapter
com.example.uhf.fragment.UHFSetFragment$MyOnTouchListener
com.example.uhf.R$xml
com.example.uhf.ErrorCodeManage
com.example.uhf.fragment.UHFLockFragment$5
com.example.uhf.fragment.UHFLoginFragment$BtInventoryClickListener
com.example.uhf.widget.LazyViewPager$ItemInfo
com.example.uhf.fragment.UHFLockFragment
com.example.uhf.widget.LazyViewPager$SimpleOnPageChangeListener
com.example.uhf.activity.BaseTabFragmentActivity:
    public boolean vailHexInput(java.lang.String)
com.example.uhf.fragment.UHFUpgradeFragment$GetPathBroadcastReceiver
com.example.uhf.fragment.UHFUpgradeFragment$1
com.example.uhf.fragment.UHFReadTagFragment$5
com.example.uhf.fragment.UHFReadFragment$1
com.example.uhf.fragment.UHFLocationFragment$3
com.example.uhf.fragment.UHFReadTagFragment$TagThread
com.example.uhf.fragment.UHFSetFragment$1
com.example.uhf.fragment.UHFReadTagFragment$BtInventoryClickListener
com.example.uhf.R$color
com.example.uhf.filebrowser.FileManagerActivity:
    public void fileOptMenu(java.io.File)
com.example.uhf.fragment.UHFReadFragment
com.example.uhf.filebrowser.FileManagerActivity$2
com.example.uhf.fragment.BlockWriteFragment$1
com.example.uhf.fragment.UHFReadTagFragment$BtClearClickListener
com.example.uhf.fragment.UHFReadTagFragment$3
com.example.uhf.fragment.UHFLocationFragment$2
com.example.uhf.fragment.UHFKillFragment
com.example.uhf.fragment.UHFReadRFIDFragment:
    static synthetic void access$600(com.example.uhf.fragment.UHFReadRFIDFragment)
    static synthetic int access$500(com.example.uhf.fragment.UHFReadRFIDFragment)
    com.example.uhf.fragment.UHFReadRFIDFragment$MyAdapter adapter
    android.widget.Button BtInventory
    private static final java.lang.String TAG
    public static final java.lang.String TAG_EPC
    public static final java.lang.String TAG_EPC_TID
    public static final java.lang.String TAG_COUNT
    public static final java.lang.String TAG_RSSI
com.example.uhf.fragment.UHFLockFragment$2
com.example.uhf.R$bool
com.example.uhf.fragment.UHFUpgradeFragment
com.example.uhf.R$style
com.example.uhf.fragment.UHFReadTagFragment$8
com.example.uhf.filebrowser.IResultData
com.example.uhf.R$id
com.example.uhf.fragment.UHFReadTagFragment$ViewHolder
com.example.uhf.fragment.UHFSetFragment$GetFreOnclickListener
com.example.uhf.fragment.UHFLockFragment$5$2
com.example.uhf.fragment.UHFUpgradeFragment$2
com.example.uhf.fragment.UHFWriteFragment$2
com.example.uhf.fragment.UHFReadTagFragment$RgInventoryCheckedListener
com.example.uhf.fragment.UHFReadTagFragment$4
com.example.uhf.fragment.UHFSetFragment$2
com.example.uhf.R$integer
com.example.uhf.R$string
com.example.uhf.filebrowser.IconifiedTextListAdapter:
    public void addItem(com.example.uhf.filebrowser.IconifiedText)
    public boolean areAllItemsSelectable()
    public boolean isSelectable(int)
com.example.uhf.fragment.UHFLockFragment$3
com.example.uhf.activity.UHFMainActivity:
    private static final java.lang.String TAG
com.example.uhf.fragment.UHFKillFragment$btnKillOnClickListener
com.example.uhf.fragment.BlockPermalockFragment$1
com.example.uhf.tools.UIHelper$1
com.example.uhf.fragment.UHFReadRFIDFragment$ViewHolder
com.example.uhf.fragment.UHFReadTagFragment$2
com.example.uhf.fragment.UHFLocationFragment$1
com.example.uhf.R$layout
com.example.uhf.R$interpolator
com.example.uhf.widget.LazyViewPager$SavedState$1
com.example.uhf.widget.LazyViewPager$1
com.example.uhf.R$dimen
com.example.uhf.fragment.UHFWriteFragment$1
com.example.uhf.fragment.UHFLoginFragment$ViewHolder
com.example.uhf.widget.LazyViewPager$PagerObserver
com.example.uhf.widget.LazyViewPager$SavedState
com.example.uhf.fragment.UHFSetFragment$OnMyCheckedChangedListener
...
androidx.activity.ComponentActivity:
    public void <init>(int)
    public java.lang.Object getLastCustomNonConfigurationInstance()
androidx.versionedparcelable.ParcelImpl:
    public void <init>(androidx.versionedparcelable.VersionedParcelable)
    public androidx.versionedparcelable.VersionedParcelable getVersionedParcel()
androidx.annotation.StyleableRes
com.rscja.team.qcom.deviceapi.W:
    public void <init>(android.content.Context,com.rscja.deviceapi.interfaces.IUHF)
    private void a(java.util.List,com.rscja.deviceapi.entity.UHFTAGInfo,int,int)
    private int a(java.util.List,byte[],boolean[])
    private static int a(byte[],byte[])
    private int a(float)
    static synthetic com.rscja.deviceapi.interfaces.IUHFRadarLocationCallback a(com.rscja.team.qcom.deviceapi.W)
    static synthetic boolean b(com.rscja.team.qcom.deviceapi.W)
    static synthetic com.rscja.deviceapi.interfaces.IUhfBle c(com.rscja.team.qcom.deviceapi.W)
    static synthetic int d(com.rscja.team.qcom.deviceapi.W)
    static synthetic void a(com.rscja.team.qcom.deviceapi.W,java.util.List,com.rscja.deviceapi.entity.UHFTAGInfo,int,int)
    static synthetic com.rscja.team.qcom.deviceapi.W$b e(com.rscja.team.qcom.deviceapi.W)
    static synthetic com.rscja.deviceapi.interfaces.IUHF f(com.rscja.team.qcom.deviceapi.W)
    public boolean a(java.lang.String,int,int,com.rscja.deviceapi.interfaces.IUHFRadarLocationCallback)
    public boolean a()
    public void onSensorChanged(android.hardware.SensorEvent)
    public void onAccuracyChanged(android.hardware.Sensor,int)
    private final java.lang.String a
    private android.hardware.SensorManager b
    private android.hardware.Sensor c
    private com.rscja.deviceapi.interfaces.IUHF d
    private com.rscja.deviceapi.interfaces.IUhfBle e
    private com.rscja.deviceapi.interfaces.IUHFRadarLocationCallback f
com.dawn.decoderapijni.PreviewByOpenCamera$2
androidx.core.provider.FontsContractCompat$4
com.rscja.team.qcom.utility.LogUtility_qcom:
    public void <init>()
    public static void setDebug(boolean)
    public static void setWriteLog(boolean)
    public static void setWriteLog(boolean,java.lang.String,java.lang.String)
com.idata.scanner.decoder.b
androidx.appcompat.app.AppCompatDialog:
    public void <init>(android.content.Context)
    protected void <init>(android.content.Context,boolean,android.content.DialogInterface$OnCancelListener)
    public androidx.appcompat.app.ActionBar getSupportActionBar()
androidx.constraintlayout.solver.LinearSystem
com.dawn.decoderapijni.ScanCamera2$3
com.lidroid.xutils.view.annotation.event.OnLongClick
com.dawn.decoderapijni.ServiceTools$4
com.lidroid.xutils.db.table.Table
androidx.core.text.HtmlCompat